<?xml version="1.0" encoding="UTF-8"?>
<!-- Generated by org.testng.reporters.JUnitReportReporter -->
<testsuite skipped="1" hostname="shibu-pc" name="com.Selendroid.Selendroid" tests="2" failures="0" timestamp="16 Oct 2017 07:57:10 GMT" time="0.046" errors="1">
  <testcase name="test" time="0.001" classname="com.Selendroid.Selendroid">
    <skipped/>
  </testcase> <!-- test -->
  <testcase name="start" time="0.045" classname="com.Selendroid.Selendroid">
    <error type="java.lang.RuntimeException" message="io.selendroid.server.common.exceptions.SelendroidException: Environment variable &#039;ANDROID_HOME&#039; was not found!">
      <![CDATA[java.lang.RuntimeException: io.selendroid.server.common.exceptions.SelendroidException: Environment variable 'ANDROID_HOME' was not found!
	at io.selendroid.standalone.server.model.SelendroidStandaloneDriver.initApplicationsUnderTest(SelendroidStandaloneDriver.java:175)
	at io.selendroid.standalone.server.model.SelendroidStandaloneDriver.<init>(SelendroidStandaloneDriver.java:94)
	at io.selendroid.standalone.server.SelendroidStandaloneServer.initializeSelendroidServer(SelendroidStandaloneServer.java:63)
	at io.selendroid.standalone.server.SelendroidStandaloneServer.<init>(SelendroidStandaloneServer.java:52)
	at io.selendroid.standalone.SelendroidLauncher.launchServer(SelendroidLauncher.java:65)
	at io.selendroid.standalone.SelendroidLauncher.launchSelendroid(SelendroidLauncher.java:90)
	at com.Selendroid.Selendroid.start(Selendroid.java:29)
	at sun.reflect.NativeMethodAccessorImpl.invoke0(Native Method)
	at sun.reflect.NativeMethodAccessorImpl.invoke(NativeMethodAccessorImpl.java:62)
	at sun.reflect.DelegatingMethodAccessorImpl.invoke(DelegatingMethodAccessorImpl.java:43)
	at java.lang.reflect.Method.invoke(Method.java:498)
	at org.testng.internal.MethodInvocationHelper.invokeMethod(MethodInvocationHelper.java:108)
	at org.testng.internal.Invoker.invokeConfigurationMethod(Invoker.java:523)
	at org.testng.internal.Invoker.invokeConfigurations(Invoker.java:224)
	at org.testng.internal.Invoker.invokeConfigurations(Invoker.java:146)
	at org.testng.TestRunner.beforeRun(TestRunner.java:626)
	at org.testng.TestRunner.run(TestRunner.java:594)
	at org.testng.SuiteRunner.runTest(SuiteRunner.java:380)
	at org.testng.SuiteRunner.runSequentially(SuiteRunner.java:375)
	at org.testng.SuiteRunner.privateRun(SuiteRunner.java:340)
	at org.testng.SuiteRunner.run(SuiteRunner.java:289)
	at org.testng.SuiteRunnerWorker.runSuite(SuiteRunnerWorker.java:52)
	at org.testng.SuiteRunnerWorker.run(SuiteRunnerWorker.java:86)
	at org.testng.TestNG.runSuitesSequentially(TestNG.java:1301)
	at org.testng.TestNG.runSuitesLocally(TestNG.java:1226)
	at org.testng.TestNG.runSuites(TestNG.java:1144)
	at org.testng.TestNG.run(TestNG.java:1115)
	at org.testng.remote.AbstractRemoteTestNG.run(AbstractRemoteTestNG.java:132)
	at org.testng.remote.RemoteTestNG.initAndRun(RemoteTestNG.java:230)
	at org.testng.remote.RemoteTestNG.main(RemoteTestNG.java:76)
Caused by: io.selendroid.server.common.exceptions.SelendroidException: Environment variable 'ANDROID_HOME' was not found!
	at io.selendroid.standalone.android.AndroidSdk.androidHome(AndroidSdk.java:98)
	at io.selendroid.standalone.android.AndroidSdk.platformToolsHome(AndroidSdk.java:87)
	at io.selendroid.standalone.android.AndroidSdk.aapt(AndroidSdk.java:39)
	at io.selendroid.standalone.android.impl.DefaultAndroidApp.deleteFileFromWithinApk(DefaultAndroidApp.java:107)
	at io.selendroid.standalone.builder.SelendroidServerBuilder.deleteFileFromAppSilently(SelendroidServerBuilder.java:133)
	at io.selendroid.standalone.builder.SelendroidServerBuilder.resignApp(SelendroidServerBuilder.java:142)
	at io.selendroid.standalone.server.model.SelendroidStandaloneDriver.initApplicationsUnderTest(SelendroidStandaloneDriver.java:172)
	... 29 more
]]>
    </error>
  </testcase> <!-- start -->
</testsuite> <!-- com.Selendroid.Selendroid -->
