<?xml version="1.0" encoding="UTF-8"?>
<!-- Generated by org.testng.reporters.JUnitReportReporter -->
<testsuite skipped="0" hostname="apeksha-pc" name="com.pCloudy.testNG.LocalRunnerAndroid" tests="1" failures="0" timestamp="18 Jul 2018 06:59:05 GMT" time="79.656" errors="0">
  <testcase name="Test1" time="79.656" classname="com.pCloudy.testNG.LocalRunnerAndroid"/>
</testsuite> <!-- com.pCloudy.testNG.LocalRunnerAndroid -->
