<?xml version="1.0" encoding="UTF-8"?>
<!-- Generated by org.testng.reporters.JUnitReportReporter -->
<testsuite skipped="0" hostname="shibu-pc" name="com.pCloudy.testNG.LocalRunner2" tests="2" failures="0" timestamp="07 Jun 2018 16:34:10 GMT" time="206.534" errors="0">
  <testcase name="Test2" time="147.960" classname="com.pCloudy.testNG.LocalRunner2"/>
  <testcase name="Test1" time="58.574" classname="com.pCloudy.testNG.LocalRunner2"/>
</testsuite> <!-- com.pCloudy.testNG.LocalRunner2 -->
