<?xml version="1.0" encoding="UTF-8"?>
<!-- Generated by org.testng.reporters.JUnitReportReporter -->
<testsuite skipped="0" hostname="apeksha-pc" name="com.pCloudy.testNG.LocalRunnerios" tests="1" failures="0" timestamp="11 Jul 2018 06:50:11 GMT" time="74.647" errors="0">
  <testcase name="Test1" time="74.647" classname="com.pCloudy.testNG.LocalRunnerios"/>
</testsuite> <!-- com.pCloudy.testNG.LocalRunnerios -->
